<?xml version="1.0" encoding="UTF-8"?>
<testsuite xmlns:xsi="http://www.w3.org/2001/XMLSchema-instance" xsi:noNamespaceSchemaLocation="https://maven.apache.org/surefire/maven-surefire-plugin/xsd/surefire-test-report.xsd" name="com.tt.provider.Comsumer1ApplicationTests" time="0.576" tests="1" errors="1" skipped="0" failures="0">
  <properties>
[...]
</properties>
  <testcase name="initializationError" classname="com.tt.provider.Comsumer1ApplicationTests" time="0.027">
    <error message="Found multiple @SpringBootConfiguration annotated classes [Generic bean: class [com.tt.provider.Comsumer1Application]; scope=; abstract=false; lazyInit=false; autowireMode=0; dependencyCheck=0; autowireCandidate=true; primary=false; factoryBeanName=null; factoryMethodName=null; initMethodName=null; destroyMethodName=null; defined in file [E:\intellij_workspace1\tt-project\comsumer1\target\classes\com\tt\provider\Comsumer1Application.class], Generic bean: class [com.tt.provider.Provider1Application]; scope=; abstract=false; lazyInit=false; autowireMode=0; dependencyCheck=0; autowireCandidate=true; primary=false; factoryBeanName=null; factoryMethodName=null; initMethodName=null; destroyMethodName=null; defined in file [E:\intellij_workspace1\tt-project\comsumer1\target\classes\com\tt\provider\Provider1Application.class]]" type="java.lang.IllegalStateException">java.lang.IllegalStateException: Found multiple @SpringBootConfiguration annotated classes [Generic bean: class [com.tt.provider.Comsumer1Application]; scope=; abstract=false; lazyInit=false; autowireMode=0; dependencyCheck=0; autowireCandidate=true; primary=false; factoryBeanName=null; factoryMethodName=null; initMethodName=null; destroyMethodName=null; defined in file [E:\intellij_workspace1\tt-project\comsumer1\target\classes\com\tt\provider\Comsumer1Application.class], Generic bean: class [com.tt.provider.Provider1Application]; scope=; abstract=false; lazyInit=false; autowireMode=0; dependencyCheck=0; autowireCandidate=true; primary=false; factoryBeanName=null; factoryMethodName=null; initMethodName=null; destroyMethodName=null; defined in file [E:\intellij_workspace1\tt-project\comsumer1\target\classes\com\tt\provider\Provider1Application.class]]
</error>
    <system-out><![CDATA[10:59:26.218 [main] DEBUG org.springframework.test.context.junit4.SpringJUnit4ClassRunner - SpringJUnit4ClassRunner constructor called with [class com.tt.provider.Comsumer1ApplicationTests]
10:59:26.230 [main] DEBUG org.springframework.test.context.BootstrapUtils - Instantiating CacheAwareContextLoaderDelegate from class [org.springframework.test.context.cache.DefaultCacheAwareContextLoaderDelegate]
10:59:26.240 [main] DEBUG org.springframework.test.context.BootstrapUtils - Instantiating BootstrapContext using constructor [public org.springframework.test.context.support.DefaultBootstrapContext(java.lang.Class,org.springframework.test.context.CacheAwareContextLoaderDelegate)]
10:59:26.262 [main] DEBUG org.springframework.test.context.BootstrapUtils - Instantiating TestContextBootstrapper for test class [com.tt.provider.Comsumer1ApplicationTests] from class [org.springframework.boot.test.context.SpringBootTestContextBootstrapper]
10:59:26.279 [main] INFO org.springframework.boot.test.context.SpringBootTestContextBootstrapper - Neither @ContextConfiguration nor @ContextHierarchy found for test class [com.tt.provider.Comsumer1ApplicationTests], using SpringBootContextLoader
10:59:26.283 [main] DEBUG org.springframework.test.context.support.AbstractContextLoader - Did not detect default resource location for test class [com.tt.provider.Comsumer1ApplicationTests]: class path resource [com/tt/provider/Comsumer1ApplicationTests-context.xml] does not exist
10:59:26.283 [main] DEBUG org.springframework.test.context.support.AbstractContextLoader - Did not detect default resource location for test class [com.tt.provider.Comsumer1ApplicationTests]: class path resource [com/tt/provider/Comsumer1ApplicationTestsContext.groovy] does not exist
10:59:26.284 [main] INFO org.springframework.test.context.support.AbstractContextLoader - Could not detect default resource locations for test class [com.tt.provider.Comsumer1ApplicationTests]: no resource found for suffixes {-context.xml, Context.groovy}.
10:59:26.285 [main] INFO org.springframework.test.context.support.AnnotationConfigContextLoaderUtils - Could not detect default configuration classes for test class [com.tt.provider.Comsumer1ApplicationTests]: Comsumer1ApplicationTests does not declare any static, non-private, non-final, nested classes annotated with @Configuration.
10:59:26.328 [main] DEBUG org.springframework.test.context.support.ActiveProfilesUtils - Could not find an 'annotation declaring class' for annotation type [org.springframework.test.context.ActiveProfiles] and class [com.tt.provider.Comsumer1ApplicationTests]
10:59:26.337 [main] DEBUG org.springframework.core.env.StandardEnvironment - Adding PropertySource 'systemProperties' with lowest search precedence
10:59:26.337 [main] DEBUG org.springframework.core.env.StandardEnvironment - Adding PropertySource 'systemEnvironment' with lowest search precedence
10:59:26.338 [main] DEBUG org.springframework.core.env.StandardEnvironment - Initialized StandardEnvironment with PropertySources [MapPropertySource@1975546571 {name='systemProperties', properties={idea.version=2017.2.5, java.runtime.name=Java(TM) SE Runtime Environment, sun.boot.library.path=D:\jdk1.8.0_77\jdk1.8.0_77\jre\bin, java.vm.version=25.77-b03, java.vm.vendor=Oracle Corporation, java.vendor.url=http://java.oracle.com/, path.separator=;, java.vm.name=Java HotSpot(TM) 64-Bit Server VM, file.encoding.pkg=sun.io, user.country=CN, user.script=, sun.java.launcher=SUN_STANDARD, sun.os.patch.level=, java.vm.specification.name=Java Virtual Machine Specification, user.dir=E:\intellij_workspace1\tt-project\comsumer1, java.runtime.version=1.8.0_77-b03, basedir=E:\intellij_workspace1\tt-project\comsumer1, java.awt.graphicsenv=sun.awt.Win32GraphicsEnvironment, java.endorsed.dirs=D:\jdk1.8.0_77\jdk1.8.0_77\jre\lib\endorsed, os.arch=amd64, surefire.real.class.path=C:\Users\ADMINI~1\AppData\Local\Temp\surefire5069774509497422409\surefirebooter8658773554566560463.jar, java.io.tmpdir=C:\Users\ADMINI~1\AppData\Local\Temp\, line.separator=
, java.vm.specification.vendor=Oracle Corporation, user.variant=, os.name=Windows Server 2008 R2, sun.jnu.encoding=GBK, java.library.path=D:\jdk1.8.0_77\jdk1.8.0_77\jre\bin;C:\Windows\Sun\Java\bin;C:\Windows\system32;C:\Windows;D:\program_files2\java\jdk\bin;D:\program_files2\java\jdk\jre\bin;C:\Windows\system32;C:\Windows;C:\Windows\System32\Wbem;C:\Windows\System32\WindowsPowerShell\v1.0\;C:\Program Files (x86)\Microsoft SQL Server\90\Tools\binn\;D:\program_files2\apache-maven-3.5.0\bin;;D:\program_files1\tortoiesSVN\bin;D:\program_files2\apache-maven-3.5.0\bin;D:\program_files2\git\Git\bin;C:\Program Files\Microsoft\Web Platform Installer\;C:\Program Files (x86)\Microsoft ASP.NET\ASP.NET Web Pages\v1.0\;C:\Program Files\Microsoft SQL Server\110\Tools\Binn\;D:\program_files2\TortoiseGit\bin;D:\program_files2\nodejs\;C:\Users\Administrator\AppData\Roaming\npm;., surefire.test.class.path=E:\intellij_workspace1\tt-project\comsumer1\target\test-classes;E:\intellij_workspace1\tt-project\comsumer1\target\classes;F:\软件\mavenRepository\org\springframework\cloud\spring-cloud-starter-netflix-eureka-client\2.0.1.RELEASE\spring-cloud-starter-netflix-eureka-client-2.0.1.RELEASE.jar;F:\软件\mavenRepository\org\springframework\cloud\spring-cloud-starter\2.0.1.RELEASE\spring-cloud-starter-2.0.1.RELEASE.jar;F:\软件\mavenRepository\org\springframework\cloud\spring-cloud-context\2.0.1.RELEASE\spring-cloud-context-2.0.1.RELEASE.jar;F:\软件\mavenRepository\org\springframework\security\spring-security-crypto\5.0.7.RELEASE\spring-security-crypto-5.0.7.RELEASE.jar;F:\软件\mavenRepository\org\springframework\cloud\spring-cloud-commons\2.0.1.RELEASE\spring-cloud-commons-2.0.1.RELEASE.jar;F:\软件\mavenRepository\org\springframework\security\spring-security-rsa\1.0.5.RELEASE\spring-security-rsa-1.0.5.RELEASE.jar;F:\软件\mavenRepository\org\bouncycastle\bcpkix-jdk15on\1.56\bcpkix-jdk15on-1.56.jar;F:\软件\mavenRepository\org\bouncycastle\bcprov-jdk15on\1.56\bcprov-jdk15on-1.56.jar;F:\软件\mavenRepository\org\springframework\cloud\spring-cloud-netflix-core\2.0.1.RELEASE\spring-cloud-netflix-core-2.0.1.RELEASE.jar;F:\软件\mavenRepository\org\springframework\boot\spring-boot-autoconfigure\2.0.4.RELEASE\spring-boot-autoconfigure-2.0.4.RELEASE.jar;F:\软件\mavenRepository\org\springframework\boot\spring-boot-starter-aop\2.0.4.RELEASE\spring-boot-starter-aop-2.0.4.RELEASE.jar;F:\软件\mavenRepository\org\aspectj\aspectjweaver\1.8.13\aspectjweaver-1.8.13.jar;F:\软件\mavenRepository\org\springframework\cloud\spring-cloud-netflix-eureka-client\2.0.1.RELEASE\spring-cloud-netflix-eureka-client-2.0.1.RELEASE.jar;F:\软件\mavenRepository\com\netflix\eureka\eureka-client\1.9.3\eureka-client-1.9.3.jar;F:\软件\mavenRepository\org\codehaus\jettison\jettison\1.3.7\jettison-1.3.7.jar;F:\软件\mavenRepository\stax\stax-api\1.0.1\stax-api-1.0.1.jar;F:\软件\mavenRepository\com\netflix\netflix-commons\netflix-eventbus\0.3.0\netflix-eventbus-0.3.0.jar;F:\软件\mavenRepository\com\netflix\netflix-commons\netflix-infix\0.3.0\netflix-infix-0.3.0.jar;F:\软件\mavenRepository\commons-jxpath\commons-jxpath\1.3\commons-jxpath-1.3.jar;F:\软件\mavenRepository\joda-time\joda-time\2.9.9\joda-time-2.9.9.jar;F:\软件\mavenRepository\org\antlr\antlr-runtime\3.4\antlr-runtime-3.4.jar;F:\软件\mavenRepository\org\antlr\stringtemplate\3.2.1\stringtemplate-3.2.1.jar;F:\软件\mavenRepository\antlr\antlr\2.7.7\antlr-2.7.7.jar;F:\软件\mavenRepository\com\google\code\gson\gson\2.8.5\gson-2.8.5.jar;F:\软件\mavenRepository\org\apache\commons\commons-math\2.2\commons-math-2.2.jar;F:\软件\mavenRepository\com\netflix\archaius\archaius-core\0.7.6\archaius-core-0.7.6.jar;F:\软件\mavenRepository\com\google\guava\guava\16.0\guava-16.0.jar;F:\软件\mavenRepository\javax\ws\rs\jsr311-api\1.1.1\jsr311-api-1.1.1.jar;F:\软件\mavenRepository\com\netflix\servo\servo-core\0.12.21\servo-core-0.12.21.jar;F:\软件\mavenRepository\com\sun\jersey\jersey-core\1.19.1\jersey-core-1.19.1.jar;F:\软件\mavenRepository\com\sun\jersey\jersey-client\1.19.1\jersey-client-1.19.1.jar;F:\软件\mavenRepository\com\sun\jersey\contribs\jersey-apache-client4\1.19.1\jersey-apache-client4-1.19.1.jar;F:\软件\mavenRepository\org\apache\httpcomponents\httpclient\4.5.6\httpclient-4.5.6.jar;F:\软件\mavenRepository\org\apache\httpcomponents\httpcore\4.4.10\httpcore-4.4.10.jar;F:\软件\mavenRepository\commons-codec\commons-codec\1.11\commons-codec-1.11.jar;F:\软件\mavenRepository\com\google\inject\guice\4.1.0\guice-4.1.0.jar;F:\软件\mavenRepository\javax\inject\javax.inject\1\javax.inject-1.jar;F:\软件\mavenRepository\aopalliance\aopalliance\1.0\aopalliance-1.0.jar;F:\软件\mavenRepository\com\github\vlsi\compactmap\compactmap\1.2.1\compactmap-1.2.1.jar;F:\软件\mavenRepository\com\github\andrewoma\dexx\dexx-collections\0.2\dexx-collections-0.2.jar;F:\软件\mavenRepository\com\fasterxml\jackson\core\jackson-annotations\2.9.0\jackson-annotations-2.9.0.jar;F:\软件\mavenRepository\com\fasterxml\jackson\core\jackson-core\2.9.6\jackson-core-2.9.6.jar;F:\软件\mavenRepository\com\fasterxml\jackson\core\jackson-databind\2.9.6\jackson-databind-2.9.6.jar;F:\软件\mavenRepository\com\netflix\eureka\eureka-core\1.9.3\eureka-core-1.9.3.jar;F:\软件\mavenRepository\org\codehaus\woodstox\woodstox-core-asl\4.4.1\woodstox-core-asl-4.4.1.jar;F:\软件\mavenRepository\javax\xml\stream\stax-api\1.0-2\stax-api-1.0-2.jar;F:\软件\mavenRepository\org\codehaus\woodstox\stax2-api\3.1.4\stax2-api-3.1.4.jar;F:\软件\mavenRepository\org\springframework\cloud\spring-cloud-starter-netflix-archaius\2.0.1.RELEASE\spring-cloud-starter-netflix-archaius-2.0.1.RELEASE.jar;F:\软件\mavenRepository\org\springframework\cloud\spring-cloud-netflix-ribbon\2.0.1.RELEASE\spring-cloud-netflix-ribbon-2.0.1.RELEASE.jar;F:\软件\mavenRepository\org\springframework\cloud\spring-cloud-netflix-archaius\2.0.1.RELEASE\spring-cloud-netflix-archaius-2.0.1.RELEASE.jar;F:\软件\mavenRepository\commons-configuration\commons-configuration\1.8\commons-configuration-1.8.jar;F:\软件\mavenRepository\commons-lang\commons-lang\2.6\commons-lang-2.6.jar;F:\软件\mavenRepository\org\springframework\cloud\spring-cloud-starter-netflix-ribbon\2.0.1.RELEASE\spring-cloud-starter-netflix-ribbon-2.0.1.RELEASE.jar;F:\软件\mavenRepository\com\netflix\ribbon\ribbon\2.2.5\ribbon-2.2.5.jar;F:\软件\mavenRepository\com\netflix\ribbon\ribbon-transport\2.2.5\ribbon-transport-2.2.5.jar;F:\软件\mavenRepository\io\reactivex\rxnetty-contexts\0.4.9\rxnetty-contexts-0.4.9.jar;F:\软件\mavenRepository\io\reactivex\rxnetty-servo\0.4.9\rxnetty-servo-0.4.9.jar;F:\软件\mavenRepository\com\netflix\hystrix\hystrix-core\1.5.12\hystrix-core-1.5.12.jar;F:\软件\mavenRepository\org\hdrhistogram\HdrHistogram\2.1.9\HdrHistogram-2.1.9.jar;F:\软件\mavenRepository\io\reactivex\rxnetty\0.4.9\rxnetty-0.4.9.jar;F:\软件\mavenRepository\io\netty\netty-codec-http\4.1.27.Final\netty-codec-http-4.1.27.Final.jar;F:\软件\mavenRepository\io\netty\netty-codec\4.1.27.Final\netty-codec-4.1.27.Final.jar;F:\软件\mavenRepository\io\netty\netty-transport-native-epoll\4.1.27.Final\netty-transport-native-epoll-4.1.27.Final.jar;F:\软件\mavenRepository\io\netty\netty-common\4.1.27.Final\netty-common-4.1.27.Final.jar;F:\软件\mavenRepository\io\netty\netty-buffer\4.1.27.Final\netty-buffer-4.1.27.Final.jar;F:\软件\mavenRepository\io\netty\netty-transport-native-unix-common\4.1.27.Final\netty-transport-native-unix-common-4.1.27.Final.jar;F:\软件\mavenRepository\io\netty\netty-transport\4.1.27.Final\netty-transport-4.1.27.Final.jar;F:\软件\mavenRepository\io\netty\netty-resolver\4.1.27.Final\netty-resolver-4.1.27.Final.jar;F:\软件\mavenRepository\com\netflix\ribbon\ribbon-core\2.2.5\ribbon-core-2.2.5.jar;F:\软件\mavenRepository\com\netflix\ribbon\ribbon-httpclient\2.2.5\ribbon-httpclient-2.2.5.jar;F:\软件\mavenRepository\commons-collections\commons-collections\3.2.2\commons-collections-3.2.2.jar;F:\软件\mavenRepository\com\netflix\netflix-commons\netflix-commons-util\0.3.0\netflix-commons-util-0.3.0.jar;F:\软件\mavenRepository\com\netflix\ribbon\ribbon-loadbalancer\2.2.5\ribbon-loadbalancer-2.2.5.jar;F:\软件\mavenRepository\com\netflix\netflix-commons\netflix-statistics\0.1.1\netflix-statistics-0.1.1.jar;F:\软件\mavenRepository\io\reactivex\rxjava\1.3.8\rxjava-1.3.8.jar;F:\软件\mavenRepository\com\netflix\ribbon\ribbon-eureka\2.2.5\ribbon-eureka-2.2.5.jar;F:\软件\mavenRepository\org\slf4j\slf4j-api\1.7.25\slf4j-api-1.7.25.jar;F:\软件\mavenRepository\com\thoughtworks\xstream\xstream\1.4.10\xstream-1.4.10.jar;F:\软件\mavenRepository\xmlpull\xmlpull\1.1.3.1\xmlpull-1.1.3.1.jar;F:\软件\mavenRepository\xpp3\xpp3_min\1.1.4c\xpp3_min-1.1.4c.jar;F:\软件\mavenRepository\org\springframework\boot\spring-boot-starter-test\2.0.4.RELEASE\spring-boot-starter-test-2.0.4.RELEASE.jar;F:\软件\mavenRepository\org\springframework\boot\spring-boot-starter\2.0.4.RELEASE\spring-boot-starter-2.0.4.RELEASE.jar;F:\软件\mavenRepository\org\springframework\boot\spring-boot\2.0.4.RELEASE\spring-boot-2.0.4.RELEASE.jar;F:\软件\mavenRepository\org\springframework\boot\spring-boot-starter-logging\2.0.4.RELEASE\spring-boot-starter-logging-2.0.4.RELEASE.jar;F:\软件\mavenRepository\ch\qos\logback\logback-classic\1.2.3\logback-classic-1.2.3.jar;F:\软件\mavenRepository\ch\qos\logback\logback-core\1.2.3\logback-core-1.2.3.jar;F:\软件\mavenRepository\org\apache\logging\log4j\log4j-to-slf4j\2.10.0\log4j-to-slf4j-2.10.0.jar;F:\软件\mavenRepository\org\apache\logging\log4j\log4j-api\2.10.0\log4j-api-2.10.0.jar;F:\软件\mavenRepository\org\slf4j\jul-to-slf4j\1.7.25\jul-to-slf4j-1.7.25.jar;F:\软件\mavenRepository\javax\annotation\javax.annotation-api\1.3.2\javax.annotation-api-1.3.2.jar;F:\软件\mavenRepository\org\yaml\snakeyaml\1.19\snakeyaml-1.19.jar;F:\软件\mavenRepository\org\springframework\boot\spring-boot-test\2.0.4.RELEASE\spring-boot-test-2.0.4.RELEASE.jar;F:\软件\mavenRepository\org\springframework\boot\spring-boot-test-autoconfigure\2.0.4.RELEASE\spring-boot-test-autoconfigure-2.0.4.RELEASE.jar;F:\软件\mavenRepository\com\jayway\jsonpath\json-path\2.4.0\json-path-2.4.0.jar;F:\软件\mavenRepository\net\minidev\json-smart\2.3\json-smart-2.3.jar;F:\软件\mavenRepository\net\minidev\accessors-smart\1.2\accessors-smart-1.2.jar;F:\软件\mavenRepository\org\ow2\asm\asm\5.0.4\asm-5.0.4.jar;F:\软件\mavenRepository\junit\junit\4.12\junit-4.12.jar;F:\软件\mavenRepository\org\assertj\assertj-core\3.9.1\assertj-core-3.9.1.jar;F:\软件\mavenRepository\org\mockito\mockito-core\2.15.0\mockito-core-2.15.0.jar;F:\软件\mavenRepository\net\bytebuddy\byte-buddy\1.7.11\byte-buddy-1.7.11.jar;F:\软件\mavenRepository\net\bytebuddy\byte-buddy-agent\1.7.11\byte-buddy-agent-1.7.11.jar;F:\软件\mavenRepository\org\objenesis\objenesis\2.6\objenesis-2.6.jar;F:\软件\mavenRepository\org\hamcrest\hamcrest-core\1.3\hamcrest-core-1.3.jar;F:\软件\mavenRepository\org\hamcrest\hamcrest-library\1.3\hamcrest-library-1.3.jar;F:\软件\mavenRepository\org\skyscreamer\jsonassert\1.5.0\jsonassert-1.5.0.jar;F:\软件\mavenRepository\com\vaadin\external\google\android-json\0.0.20131108.vaadin1\android-json-0.0.20131108.vaadin1.jar;F:\软件\mavenRepository\org\springframework\spring-core\5.0.8.RELEASE\spring-core-5.0.8.RELEASE.jar;F:\软件\mavenRepository\org\springframework\spring-jcl\5.0.8.RELEASE\spring-jcl-5.0.8.RELEASE.jar;F:\软件\mavenRepository\org\springframework\spring-test\5.0.8.RELEASE\spring-test-5.0.8.RELEASE.jar;F:\软件\mavenRepository\org\xmlunit\xmlunit-core\2.5.1\xmlunit-core-2.5.1.jar;F:\软件\mavenRepository\org\springframework\boot\spring-boot-starter-web\2.0.4.RELEASE\spring-boot-starter-web-2.0.4.RELEASE.jar;F:\软件\mavenRepository\org\springframework\boot\spring-boot-starter-json\2.0.4.RELEASE\spring-boot-starter-json-2.0.4.RELEASE.jar;F:\软件\mavenRepository\com\fasterxml\jackson\datatype\jackson-datatype-jdk8\2.9.6\jackson-datatype-jdk8-2.9.6.jar;F:\软件\mavenRepository\com\fasterxml\jackson\datatype\jackson-datatype-jsr310\2.9.6\jackson-datatype-jsr310-2.9.6.jar;F:\软件\mavenRepository\com\fasterxml\jackson\module\jackson-module-parameter-names\2.9.6\jackson-module-parameter-names-2.9.6.jar;F:\软件\mavenRepository\org\springframework\boot\spring-boot-starter-tomcat\2.0.4.RELEASE\spring-boot-starter-tomcat-2.0.4.RELEASE.jar;F:\软件\mavenRepository\org\apache\tomcat\embed\tomcat-embed-core\8.5.32\tomcat-embed-core-8.5.32.jar;F:\软件\mavenRepository\org\apache\tomcat\embed\tomcat-embed-el\8.5.32\tomcat-embed-el-8.5.32.jar;F:\软件\mavenRepository\org\apache\tomcat\embed\tomcat-embed-websocket\8.5.32\tomcat-embed-websocket-8.5.32.jar;F:\软件\mavenRepository\org\hibernate\validator\hibernate-validator\6.0.11.Final\hibernate-validator-6.0.11.Final.jar;F:\软件\mavenRepository\javax\validation\validation-api\2.0.1.Final\validation-api-2.0.1.Final.jar;F:\软件\mavenRepository\org\jboss\logging\jboss-logging\3.3.2.Final\jboss-logging-3.3.2.Final.jar;F:\软件\mavenRepository\com\fasterxml\classmate\1.3.4\classmate-1.3.4.jar;F:\软件\mavenRepository\org\springframework\spring-web\5.0.8.RELEASE\spring-web-5.0.8.RELEASE.jar;F:\软件\mavenRepository\org\springframework\spring-beans\5.0.8.RELEASE\spring-beans-5.0.8.RELEASE.jar;F:\软件\mavenRepository\org\springframework\spring-webmvc\5.0.8.RELEASE\spring-webmvc-5.0.8.RELEASE.jar;F:\软件\mavenRepository\org\springframework\spring-aop\5.0.8.RELEASE\spring-aop-5.0.8.RELEASE.jar;F:\软件\mavenRepository\org\springframework\spring-context\5.0.8.RELEASE\spring-context-5.0.8.RELEASE.jar;F:\软件\mavenRepository\org\springframework\spring-expression\5.0.8.RELEASE\spring-expression-5.0.8.RELEASE.jar;F:\软件\mavenRepository\tk\mybatis\mapper-spring-boot-starter\1.2.4\mapper-spring-boot-starter-1.2.4.jar;F:\软件\mavenRepository\org\springframework\boot\spring-boot-starter-jdbc\2.0.4.RELEASE\spring-boot-starter-jdbc-2.0.4.RELEASE.jar;F:\软件\mavenRepository\com\zaxxer\HikariCP\2.7.9\HikariCP-2.7.9.jar;F:\软件\mavenRepository\org\springframework\spring-jdbc\5.0.8.RELEASE\spring-jdbc-5.0.8.RELEASE.jar;F:\软件\mavenRepository\org\springframework\spring-tx\5.0.8.RELEASE\spring-tx-5.0.8.RELEASE.jar;F:\软件\mavenRepository\org\mybatis\mybatis\3.4.5\mybatis-3.4.5.jar;F:\软件\mavenRepository\org\mybatis\mybatis-spring\1.3.1\mybatis-spring-1.3.1.jar;F:\软件\mavenRepository\tk\mybatis\mapper-spring-boot-autoconfigure\1.2.4\mapper-spring-boot-autoconfigure-1.2.4.jar;F:\软件\mavenRepository\tk\mybatis\mapper\3.5.3\mapper-3.5.3.jar;F:\软件\mavenRepository\javax\persistence\persistence-api\1.0\persistence-api-1.0.jar;F:\软件\mavenRepository\org\mybatis\generator\mybatis-generator-core\1.3.2\mybatis-generator-core-1.3.2.jar;F:\软件\mavenRepository\org\mybatis\spring\boot\mybatis-spring-boot-starter\1.3.2\mybatis-spring-boot-starter-1.3.2.jar;F:\软件\mavenRepository\org\mybatis\spring\boot\mybatis-spring-boot-autoconfigure\1.3.2\mybatis-spring-boot-autoconfigure-1.3.2.jar;F:\软件\mavenRepository\com\github\pagehelper\pagehelper-spring-boot-starter\1.2.3\pagehelper-spring-boot-starter-1.2.3.jar;F:\软件\mavenRepository\com\github\pagehelper\pagehelper-spring-boot-autoconfigure\1.2.3\pagehelper-spring-boot-autoconfigure-1.2.3.jar;F:\软件\mavenRepository\com\github\pagehelper\pagehelper\5.1.2\pagehelper-5.1.2.jar;F:\软件\mavenRepository\com\github\jsqlparser\jsqlparser\1.0\jsqlparser-1.0.jar;F:\软件\mavenRepository\mysql\mysql-connector-java\5.1.46\mysql-connector-java-5.1.46.jar;F:\软件\mavenRepository\com\alibaba\druid\1.1.9\druid-1.1.9.jar;, java.specification.name=Java Platform API Specification, java.class.version=52.0, sun.management.compiler=HotSpot 64-Bit Tiered Compilers, os.version=6.1, user.home=C:\Users\Administrator, user.timezone=Asia/Shanghai, java.awt.printerjob=sun.awt.windows.WPrinterJob, file.encoding=GBK, java.specification.version=1.8, java.class.path=E:\intellij_workspace1\tt-project\comsumer1\target\test-classes;E:\intellij_workspace1\tt-project\comsumer1\target\classes;F:\软件\mavenRepository\org\springframework\cloud\spring-cloud-starter-netflix-eureka-client\2.0.1.RELEASE\spring-cloud-starter-netflix-eureka-client-2.0.1.RELEASE.jar;F:\软件\mavenRepository\org\springframework\cloud\spring-cloud-starter\2.0.1.RELEASE\spring-cloud-starter-2.0.1.RELEASE.jar;F:\软件\mavenRepository\org\springframework\cloud\spring-cloud-context\2.0.1.RELEASE\spring-cloud-context-2.0.1.RELEASE.jar;F:\软件\mavenRepository\org\springframework\security\spring-security-crypto\5.0.7.RELEASE\spring-security-crypto-5.0.7.RELEASE.jar;F:\软件\mavenRepository\org\springframework\cloud\spring-cloud-commons\2.0.1.RELEASE\spring-cloud-commons-2.0.1.RELEASE.jar;F:\软件\mavenRepository\org\springframework\security\spring-security-rsa\1.0.5.RELEASE\spring-security-rsa-1.0.5.RELEASE.jar;F:\软件\mavenRepository\org\bouncycastle\bcpkix-jdk15on\1.56\bcpkix-jdk15on-1.56.jar;F:\软件\mavenRepository\org\bouncycastle\bcprov-jdk15on\1.56\bcprov-jdk15on-1.56.jar;F:\软件\mavenRepository\org\springframework\cloud\spring-cloud-netflix-core\2.0.1.RELEASE\spring-cloud-netflix-core-2.0.1.RELEASE.jar;F:\软件\mavenRepository\org\springframework\boot\spring-boot-autoconfigure\2.0.4.RELEASE\spring-boot-autoconfigure-2.0.4.RELEASE.jar;F:\软件\mavenRepository\org\springframework\boot\spring-boot-starter-aop\2.0.4.RELEASE\spring-boot-starter-aop-2.0.4.RELEASE.jar;F:\软件\mavenRepository\org\aspectj\aspectjweaver\1.8.13\aspectjweaver-1.8.13.jar;F:\软件\mavenRepository\org\springframework\cloud\spring-cloud-netflix-eureka-client\2.0.1.RELEASE\spring-cloud-netflix-eureka-client-2.0.1.RELEASE.jar;F:\软件\mavenRepository\com\netflix\eureka\eureka-client\1.9.3\eureka-client-1.9.3.jar;F:\软件\mavenRepository\org\codehaus\jettison\jettison\1.3.7\jettison-1.3.7.jar;F:\软件\mavenRepository\stax\stax-api\1.0.1\stax-api-1.0.1.jar;F:\软件\mavenRepository\com\netflix\netflix-commons\netflix-eventbus\0.3.0\netflix-eventbus-0.3.0.jar;F:\软件\mavenRepository\com\netflix\netflix-commons\netflix-infix\0.3.0\netflix-infix-0.3.0.jar;F:\软件\mavenRepository\commons-jxpath\commons-jxpath\1.3\commons-jxpath-1.3.jar;F:\软件\mavenRepository\joda-time\joda-time\2.9.9\joda-time-2.9.9.jar;F:\软件\mavenRepository\org\antlr\antlr-runtime\3.4\antlr-runtime-3.4.jar;F:\软件\mavenRepository\org\antlr\stringtemplate\3.2.1\stringtemplate-3.2.1.jar;F:\软件\mavenRepository\antlr\antlr\2.7.7\antlr-2.7.7.jar;F:\软件\mavenRepository\com\google\code\gson\gson\2.8.5\gson-2.8.5.jar;F:\软件\mavenRepository\org\apache\commons\commons-math\2.2\commons-math-2.2.jar;F:\软件\mavenRepository\com\netflix\archaius\archaius-core\0.7.6\archaius-core-0.7.6.jar;F:\软件\mavenRepository\com\google\guava\guava\16.0\guava-16.0.jar;F:\软件\mavenRepository\javax\ws\rs\jsr311-api\1.1.1\jsr311-api-1.1.1.jar;F:\软件\mavenRepository\com\netflix\servo\servo-core\0.12.21\servo-core-0.12.21.jar;F:\软件\mavenRepository\com\sun\jersey\jersey-core\1.19.1\jersey-core-1.19.1.jar;F:\软件\mavenRepository\com\sun\jersey\jersey-client\1.19.1\jersey-client-1.19.1.jar;F:\软件\mavenRepository\com\sun\jersey\contribs\jersey-apache-client4\1.19.1\jersey-apache-client4-1.19.1.jar;F:\软件\mavenRepository\org\apache\httpcomponents\httpclient\4.5.6\httpclient-4.5.6.jar;F:\软件\mavenRepository\org\apache\httpcomponents\httpcore\4.4.10\httpcore-4.4.10.jar;F:\软件\mavenRepository\commons-codec\commons-codec\1.11\commons-codec-1.11.jar;F:\软件\mavenRepository\com\google\inject\guice\4.1.0\guice-4.1.0.jar;F:\软件\mavenRepository\javax\inject\javax.inject\1\javax.inject-1.jar;F:\软件\mavenRepository\aopalliance\aopalliance\1.0\aopalliance-1.0.jar;F:\软件\mavenRepository\com\github\vlsi\compactmap\compactmap\1.2.1\compactmap-1.2.1.jar;F:\软件\mavenRepository\com\github\andrewoma\dexx\dexx-collections\0.2\dexx-collections-0.2.jar;F:\软件\mavenRepository\com\fasterxml\jackson\core\jackson-annotations\2.9.0\jackson-annotations-2.9.0.jar;F:\软件\mavenRepository\com\fasterxml\jackson\core\jackson-core\2.9.6\jackson-core-2.9.6.jar;F:\软件\mavenRepository\com\fasterxml\jackson\core\jackson-databind\2.9.6\jackson-databind-2.9.6.jar;F:\软件\mavenRepository\com\netflix\eureka\eureka-core\1.9.3\eureka-core-1.9.3.jar;F:\软件\mavenRepository\org\codehaus\woodstox\woodstox-core-asl\4.4.1\woodstox-core-asl-4.4.1.jar;F:\软件\mavenRepository\javax\xml\stream\stax-api\1.0-2\stax-api-1.0-2.jar;F:\软件\mavenRepository\org\codehaus\woodstox\stax2-api\3.1.4\stax2-api-3.1.4.jar;F:\软件\mavenRepository\org\springframework\cloud\spring-cloud-starter-netflix-archaius\2.0.1.RELEASE\spring-cloud-starter-netflix-archaius-2.0.1.RELEASE.jar;F:\软件\mavenRepository\org\springframework\cloud\spring-cloud-netflix-ribbon\2.0.1.RELEASE\spring-cloud-netflix-ribbon-2.0.1.RELEASE.jar;F:\软件\mavenRepository\org\springframework\cloud\spring-cloud-netflix-archaius\2.0.1.RELEASE\spring-cloud-netflix-archaius-2.0.1.RELEASE.jar;F:\软件\mavenRepository\commons-configuration\commons-configuration\1.8\commons-configuration-1.8.jar;F:\软件\mavenRepository\commons-lang\commons-lang\2.6\commons-lang-2.6.jar;F:\软件\mavenRepository\org\springframework\cloud\spring-cloud-starter-netflix-ribbon\2.0.1.RELEASE\spring-cloud-starter-netflix-ribbon-2.0.1.RELEASE.jar;F:\软件\mavenRepository\com\netflix\ribbon\ribbon\2.2.5\ribbon-2.2.5.jar;F:\软件\mavenRepository\com\netflix\ribbon\ribbon-transport\2.2.5\ribbon-transport-2.2.5.jar;F:\软件\mavenRepository\io\reactivex\rxnetty-contexts\0.4.9\rxnetty-contexts-0.4.9.jar;F:\软件\mavenRepository\io\reactivex\rxnetty-servo\0.4.9\rxnetty-servo-0.4.9.jar;F:\软件\mavenRepository\com\netflix\hystrix\hystrix-core\1.5.12\hystrix-core-1.5.12.jar;F:\软件\mavenRepository\org\hdrhistogram\HdrHistogram\2.1.9\HdrHistogram-2.1.9.jar;F:\软件\mavenRepository\io\reactivex\rxnetty\0.4.9\rxnetty-0.4.9.jar;F:\软件\mavenRepository\io\netty\netty-codec-http\4.1.27.Final\netty-codec-http-4.1.27.Final.jar;F:\软件\mavenRepository\io\netty\netty-codec\4.1.27.Final\netty-codec-4.1.27.Final.jar;F:\软件\mavenRepository\io\netty\netty-transport-native-epoll\4.1.27.Final\netty-transport-native-epoll-4.1.27.Final.jar;F:\软件\mavenRepository\io\netty\netty-common\4.1.27.Final\netty-common-4.1.27.Final.jar;F:\软件\mavenRepository\io\netty\netty-buffer\4.1.27.Final\netty-buffer-4.1.27.Final.jar;F:\软件\mavenRepository\io\netty\netty-transport-native-unix-common\4.1.27.Final\netty-transport-native-unix-common-4.1.27.Final.jar;F:\软件\mavenRepository\io\netty\netty-transport\4.1.27.Final\netty-transport-4.1.27.Final.jar;F:\软件\mavenRepository\io\netty\netty-resolver\4.1.27.Final\netty-resolver-4.1.27.Final.jar;F:\软件\mavenRepository\com\netflix\ribbon\ribbon-core\2.2.5\ribbon-core-2.2.5.jar;F:\软件\mavenRepository\com\netflix\ribbon\ribbon-httpclient\2.2.5\ribbon-httpclient-2.2.5.jar;F:\软件\mavenRepository\commons-collections\commons-collections\3.2.2\commons-collections-3.2.2.jar;F:\软件\mavenRepository\com\netflix\netflix-commons\netflix-commons-util\0.3.0\netflix-commons-util-0.3.0.jar;F:\软件\mavenRepository\com\netflix\ribbon\ribbon-loadbalancer\2.2.5\ribbon-loadbalancer-2.2.5.jar;F:\软件\mavenRepository\com\netflix\netflix-commons\netflix-statistics\0.1.1\netflix-statistics-0.1.1.jar;F:\软件\mavenRepository\io\reactivex\rxjava\1.3.8\rxjava-1.3.8.jar;F:\软件\mavenRepository\com\netflix\ribbon\ribbon-eureka\2.2.5\ribbon-eureka-2.2.5.jar;F:\软件\mavenRepository\org\slf4j\slf4j-api\1.7.25\slf4j-api-1.7.25.jar;F:\软件\mavenRepository\com\thoughtworks\xstream\xstream\1.4.10\xstream-1.4.10.jar;F:\软件\mavenRepository\xmlpull\xmlpull\1.1.3.1\xmlpull-1.1.3.1.jar;F:\软件\mavenRepository\xpp3\xpp3_min\1.1.4c\xpp3_min-1.1.4c.jar;F:\软件\mavenRepository\org\springframework\boot\spring-boot-starter-test\2.0.4.RELEASE\spring-boot-starter-test-2.0.4.RELEASE.jar;F:\软件\mavenRepository\org\springframework\boot\spring-boot-starter\2.0.4.RELEASE\spring-boot-starter-2.0.4.RELEASE.jar;F:\软件\mavenRepository\org\springframework\boot\spring-boot\2.0.4.RELEASE\spring-boot-2.0.4.RELEASE.jar;F:\软件\mavenRepository\org\springframework\boot\spring-boot-starter-logging\2.0.4.RELEASE\spring-boot-starter-logging-2.0.4.RELEASE.jar;F:\软件\mavenRepository\ch\qos\logback\logback-classic\1.2.3\logback-classic-1.2.3.jar;F:\软件\mavenRepository\ch\qos\logback\logback-core\1.2.3\logback-core-1.2.3.jar;F:\软件\mavenRepository\org\apache\logging\log4j\log4j-to-slf4j\2.10.0\log4j-to-slf4j-2.10.0.jar;F:\软件\mavenRepository\org\apache\logging\log4j\log4j-api\2.10.0\log4j-api-2.10.0.jar;F:\软件\mavenRepository\org\slf4j\jul-to-slf4j\1.7.25\jul-to-slf4j-1.7.25.jar;F:\软件\mavenRepository\javax\annotation\javax.annotation-api\1.3.2\javax.annotation-api-1.3.2.jar;F:\软件\mavenRepository\org\yaml\snakeyaml\1.19\snakeyaml-1.19.jar;F:\软件\mavenRepository\org\springframework\boot\spring-boot-test\2.0.4.RELEASE\spring-boot-test-2.0.4.RELEASE.jar;F:\软件\mavenRepository\org\springframework\boot\spring-boot-test-autoconfigure\2.0.4.RELEASE\spring-boot-test-autoconfigure-2.0.4.RELEASE.jar;F:\软件\mavenRepository\com\jayway\jsonpath\json-path\2.4.0\json-path-2.4.0.jar;F:\软件\mavenRepository\net\minidev\json-smart\2.3\json-smart-2.3.jar;F:\软件\mavenRepository\net\minidev\accessors-smart\1.2\accessors-smart-1.2.jar;F:\软件\mavenRepository\org\ow2\asm\asm\5.0.4\asm-5.0.4.jar;F:\软件\mavenRepository\junit\junit\4.12\junit-4.12.jar;F:\软件\mavenRepository\org\assertj\assertj-core\3.9.1\assertj-core-3.9.1.jar;F:\软件\mavenRepository\org\mockito\mockito-core\2.15.0\mockito-core-2.15.0.jar;F:\软件\mavenRepository\net\bytebuddy\byte-buddy\1.7.11\byte-buddy-1.7.11.jar;F:\软件\mavenRepository\net\bytebuddy\byte-buddy-agent\1.7.11\byte-buddy-agent-1.7.11.jar;F:\软件\mavenRepository\org\objenesis\objenesis\2.6\objenesis-2.6.jar;F:\软件\mavenRepository\org\hamcrest\hamcrest-core\1.3\hamcrest-core-1.3.jar;F:\软件\mavenRepository\org\hamcrest\hamcrest-library\1.3\hamcrest-library-1.3.jar;F:\软件\mavenRepository\org\skyscreamer\jsonassert\1.5.0\jsonassert-1.5.0.jar;F:\软件\mavenRepository\com\vaadin\external\google\android-json\0.0.20131108.vaadin1\android-json-0.0.20131108.vaadin1.jar;F:\软件\mavenRepository\org\springframework\spring-core\5.0.8.RELEASE\spring-core-5.0.8.RELEASE.jar;F:\软件\mavenRepository\org\springframework\spring-jcl\5.0.8.RELEASE\spring-jcl-5.0.8.RELEASE.jar;F:\软件\mavenRepository\org\springframework\spring-test\5.0.8.RELEASE\spring-test-5.0.8.RELEASE.jar;F:\软件\mavenRepository\org\xmlunit\xmlunit-core\2.5.1\xmlunit-core-2.5.1.jar;F:\软件\mavenRepository\org\springframework\boot\spring-boot-starter-web\2.0.4.RELEASE\spring-boot-starter-web-2.0.4.RELEASE.jar;F:\软件\mavenRepository\org\springframework\boot\spring-boot-starter-json\2.0.4.RELEASE\spring-boot-starter-json-2.0.4.RELEASE.jar;F:\软件\mavenRepository\com\fasterxml\jackson\datatype\jackson-datatype-jdk8\2.9.6\jackson-datatype-jdk8-2.9.6.jar;F:\软件\mavenRepository\com\fasterxml\jackson\datatype\jackson-datatype-jsr310\2.9.6\jackson-datatype-jsr310-2.9.6.jar;F:\软件\mavenRepository\com\fasterxml\jackson\module\jackson-module-parameter-names\2.9.6\jackson-module-parameter-names-2.9.6.jar;F:\软件\mavenRepository\org\springframework\boot\spring-boot-starter-tomcat\2.0.4.RELEASE\spring-boot-starter-tomcat-2.0.4.RELEASE.jar;F:\软件\mavenRepository\org\apache\tomcat\embed\tomcat-embed-core\8.5.32\tomcat-embed-core-8.5.32.jar;F:\软件\mavenRepository\org\apache\tomcat\embed\tomcat-embed-el\8.5.32\tomcat-embed-el-8.5.32.jar;F:\软件\mavenRepository\org\apache\tomcat\embed\tomcat-embed-websocket\8.5.32\tomcat-embed-websocket-8.5.32.jar;F:\软件\mavenRepository\org\hibernate\validator\hibernate-validator\6.0.11.Final\hibernate-validator-6.0.11.Final.jar;F:\软件\mavenRepository\javax\validation\validation-api\2.0.1.Final\validation-api-2.0.1.Final.jar;F:\软件\mavenRepository\org\jboss\logging\jboss-logging\3.3.2.Final\jboss-logging-3.3.2.Final.jar;F:\软件\mavenRepository\com\fasterxml\classmate\1.3.4\classmate-1.3.4.jar;F:\软件\mavenRepository\org\springframework\spring-web\5.0.8.RELEASE\spring-web-5.0.8.RELEASE.jar;F:\软件\mavenRepository\org\springframework\spring-beans\5.0.8.RELEASE\spring-beans-5.0.8.RELEASE.jar;F:\软件\mavenRepository\org\springframework\spring-webmvc\5.0.8.RELEASE\spring-webmvc-5.0.8.RELEASE.jar;F:\软件\mavenRepository\org\springframework\spring-aop\5.0.8.RELEASE\spring-aop-5.0.8.RELEASE.jar;F:\软件\mavenRepository\org\springframework\spring-context\5.0.8.RELEASE\spring-context-5.0.8.RELEASE.jar;F:\软件\mavenRepository\org\springframework\spring-expression\5.0.8.RELEASE\spring-expression-5.0.8.RELEASE.jar;F:\软件\mavenRepository\tk\mybatis\mapper-spring-boot-starter\1.2.4\mapper-spring-boot-starter-1.2.4.jar;F:\软件\mavenRepository\org\springframework\boot\spring-boot-starter-jdbc\2.0.4.RELEASE\spring-boot-starter-jdbc-2.0.4.RELEASE.jar;F:\软件\mavenRepository\com\zaxxer\HikariCP\2.7.9\HikariCP-2.7.9.jar;F:\软件\mavenRepository\org\springframework\spring-jdbc\5.0.8.RELEASE\spring-jdbc-5.0.8.RELEASE.jar;F:\软件\mavenRepository\org\springframework\spring-tx\5.0.8.RELEASE\spring-tx-5.0.8.RELEASE.jar;F:\软件\mavenRepository\org\mybatis\mybatis\3.4.5\mybatis-3.4.5.jar;F:\软件\mavenRepository\org\mybatis\mybatis-spring\1.3.1\mybatis-spring-1.3.1.jar;F:\软件\mavenRepository\tk\mybatis\mapper-spring-boot-autoconfigure\1.2.4\mapper-spring-boot-autoconfigure-1.2.4.jar;F:\软件\mavenRepository\tk\mybatis\mapper\3.5.3\mapper-3.5.3.jar;F:\软件\mavenRepository\javax\persistence\persistence-api\1.0\persistence-api-1.0.jar;F:\软件\mavenRepository\org\mybatis\generator\mybatis-generator-core\1.3.2\mybatis-generator-core-1.3.2.jar;F:\软件\mavenRepository\org\mybatis\spring\boot\mybatis-spring-boot-starter\1.3.2\mybatis-spring-boot-starter-1.3.2.jar;F:\软件\mavenRepository\org\mybatis\spring\boot\mybatis-spring-boot-autoconfigure\1.3.2\mybatis-spring-boot-autoconfigure-1.3.2.jar;F:\软件\mavenRepository\com\github\pagehelper\pagehelper-spring-boot-starter\1.2.3\pagehelper-spring-boot-starter-1.2.3.jar;F:\软件\mavenRepository\com\github\pagehelper\pagehelper-spring-boot-autoconfigure\1.2.3\pagehelper-spring-boot-autoconfigure-1.2.3.jar;F:\软件\mavenRepository\com\github\pagehelper\pagehelper\5.1.2\pagehelper-5.1.2.jar;F:\软件\mavenRepository\com\github\jsqlparser\jsqlparser\1.0\jsqlparser-1.0.jar;F:\软件\mavenRepository\mysql\mysql-connector-java\5.1.46\mysql-connector-java-5.1.46.jar;F:\软件\mavenRepository\com\alibaba\druid\1.1.9\druid-1.1.9.jar;, user.name=Administrator, java.vm.specification.version=1.8, sun.java.command=C:\Users\ADMINI~1\AppData\Local\Temp\surefire5069774509497422409\surefirebooter8658773554566560463.jar C:\Users\Administrator\AppData\Local\Temp\surefire5069774509497422409 2018-08-24T10-59-24_121-jvmRun1 surefire8589185419947155623tmp surefire_04824536680584326432tmp, java.home=D:\jdk1.8.0_77\jdk1.8.0_77\jre, sun.arch.data.model=64, user.language=zh, java.specification.vendor=Oracle Corporation, awt.toolkit=sun.awt.windows.WToolkit, java.vm.info=mixed mode, java.version=1.8.0_77, java.ext.dirs=D:\jdk1.8.0_77\jdk1.8.0_77\jre\lib\ext;C:\Windows\Sun\Java\lib\ext, sun.boot.class.path=D:\jdk1.8.0_77\jdk1.8.0_77\jre\lib\resources.jar;D:\jdk1.8.0_77\jdk1.8.0_77\jre\lib\rt.jar;D:\jdk1.8.0_77\jdk1.8.0_77\jre\lib\sunrsasign.jar;D:\jdk1.8.0_77\jdk1.8.0_77\jre\lib\jsse.jar;D:\jdk1.8.0_77\jdk1.8.0_77\jre\lib\jce.jar;D:\jdk1.8.0_77\jdk1.8.0_77\jre\lib\charsets.jar;D:\jdk1.8.0_77\jdk1.8.0_77\jre\lib\jfr.jar;D:\jdk1.8.0_77\jdk1.8.0_77\jre\classes, java.vendor=Oracle Corporation, localRepository=F:\软件\mavenRepository, file.separator=\, java.vendor.url.bug=http://bugreport.sun.com/bugreport/, sun.io.unicode.encoding=UnicodeLittle, sun.cpu.endian=little, sun.desktop=windows, sun.cpu.isalist=amd64}}, SystemEnvironmentPropertySource@521960438 {name='systemEnvironment', properties={PATH=D:\program_files2\java\jdk\bin;D:\program_files2\java\jdk\jre\bin;C:\Windows\system32;C:\Windows;C:\Windows\System32\Wbem;C:\Windows\System32\WindowsPowerShell\v1.0\;C:\Program Files (x86)\Microsoft SQL Server\90\Tools\binn\;D:\program_files2\apache-maven-3.5.0\bin;;D:\program_files1\tortoiesSVN\bin;D:\program_files2\apache-maven-3.5.0\bin;D:\program_files2\git\Git\bin;C:\Program Files\Microsoft\Web Platform Installer\;C:\Program Files (x86)\Microsoft ASP.NET\ASP.NET Web Pages\v1.0\;C:\Program Files\Microsoft SQL Server\110\Tools\Binn\;D:\program_files2\TortoiseGit\bin;D:\program_files2\nodejs\;C:\Users\Administrator\AppData\Roaming\npm, LOCALAPPDATA=C:\Users\Administrator\AppData\Local, PROCESSOR_LEVEL=6, SYSTEMDRIVE=C:, COMMONPROGRAMFILES(X86)=C:\Program Files (x86)\Common Files, FP_NO_HOST_CHECK=NO, USERDOMAIN=WIN-5QGISKD11SF, LOGONSERVER=\\WIN-5QGISKD11SF, JAVA_HOME=D:\program_files2\java\jdk, PROMPT=$P$G, SESSIONNAME=Console, ALLUSERSPROFILE=C:\ProgramData, PROGRAMFILES(X86)=C:\Program Files (x86), ASL.LOG=Destination=file, PROCESSOR_ARCHITECTURE=AMD64, MAVEN_OPTS=-Xms128m -Xmx512m, =E:=E:\intellij_workspace1\tt-project\comsumer1, MAVEN_HOME=D:\program_files2\apache-maven-3.5.0, PROGRAMFILES=C:\Program Files, APPDATA=C:\Users\Administrator\AppData\Roaming, PSMODULEPATH=C:\Windows\system32\WindowsPowerShell\v1.0\Modules\, PROGRAMW6432=C:\Program Files, PROGRAMDATA=C:\ProgramData, SYSTEMROOT=C:\Windows, USERNAME=Administrator, PATHEXT=.COM;.EXE;.BAT;.CMD;.VBS;.VBE;.JS;.JSE;.WSF;.WSH;.MSC, OS=Windows_NT, COMMONPROGRAMW6432=C:\Program Files\Common Files, COMPUTERNAME=WIN-5QGISKD11SF, COMMONPROGRAMFILES=C:\Program Files\Common Files, COMSPEC=C:\Windows\system32\cmd.exe, VS90COMNTOOLS=F:\Program Files (x86)\Microsoft Visual Studio 9.0\Common7\Tools\, PROCESSOR_REVISION=3c03, CLASSPATH=.;D:\program_files2\java\jdk\lib\dt.jar;D:\program_files2\java\jdk\lib\tools.jar;, WINDIR=C:\Windows, HOMEPATH=\Users\Administrator, TEMP=C:\Users\ADMINI~1\AppData\Local\Temp, HOMEDRIVE=C:, PROCESSOR_IDENTIFIER=Intel64 Family 6 Model 60 Stepping 3, GenuineIntel, USERPROFILE=C:\Users\Administrator, TMP=C:\Users\ADMINI~1\AppData\Local\Temp, VS110COMNTOOLS=D:\program_files2\visual_studio\Common7\Tools\, PUBLIC=C:\Users\Public, NUMBER_OF_PROCESSORS=4}}]
10:59:26.362 [main] DEBUG org.springframework.core.io.support.PathMatchingResourcePatternResolver - Resolved classpath location [com/tt/provider/] to resources [URL [file:/E:/intellij_workspace1/tt-project/comsumer1/target/test-classes/com/tt/provider/], URL [file:/E:/intellij_workspace1/tt-project/comsumer1/target/classes/com/tt/provider/]]
10:59:26.363 [main] DEBUG org.springframework.core.io.support.PathMatchingResourcePatternResolver - Looking for matching resources in directory tree [E:\intellij_workspace1\tt-project\comsumer1\target\test-classes\com\tt\provider]
10:59:26.363 [main] DEBUG org.springframework.core.io.support.PathMatchingResourcePatternResolver - Searching directory [E:\intellij_workspace1\tt-project\comsumer1\target\test-classes\com\tt\provider] for files matching pattern [E:/intellij_workspace1/tt-project/comsumer1/target/test-classes/com/tt/provider/*.class]
10:59:26.366 [main] DEBUG org.springframework.core.io.support.PathMatchingResourcePatternResolver - Looking for matching resources in directory tree [E:\intellij_workspace1\tt-project\comsumer1\target\classes\com\tt\provider]
10:59:26.366 [main] DEBUG org.springframework.core.io.support.PathMatchingResourcePatternResolver - Searching directory [E:\intellij_workspace1\tt-project\comsumer1\target\classes\com\tt\provider] for files matching pattern [E:/intellij_workspace1/tt-project/comsumer1/target/classes/com/tt/provider/*.class]
10:59:26.367 [main] DEBUG org.springframework.core.io.support.PathMatchingResourcePatternResolver - Resolved location pattern [classpath*:com/tt/provider/*.class] to resources [file [E:\intellij_workspace1\tt-project\comsumer1\target\test-classes\com\tt\provider\Comsumer1ApplicationTests.class], file [E:\intellij_workspace1\tt-project\comsumer1\target\test-classes\com\tt\provider\Provider1ApplicationTests.class], file [E:\intellij_workspace1\tt-project\comsumer1\target\classes\com\tt\provider\Comsumer1Application.class], file [E:\intellij_workspace1\tt-project\comsumer1\target\classes\com\tt\provider\Provider1Application.class]]
10:59:26.444 [main] DEBUG org.springframework.context.annotation.ClassPathScanningCandidateComponentProvider - Identified candidate component class: file [E:\intellij_workspace1\tt-project\comsumer1\target\classes\com\tt\provider\Comsumer1Application.class]
10:59:26.463 [main] DEBUG org.springframework.context.annotation.ClassPathScanningCandidateComponentProvider - Identified candidate component class: file [E:\intellij_workspace1\tt-project\comsumer1\target\classes\com\tt\provider\Provider1Application.class]
]]></system-out>
  </testcase>
</testsuite>